<?xml version="1.0" encoding="UTF-8"?>
<testng-results skipped="0" failed="0" ignored="0" total="1" passed="1">
  <reporter-output>
  </reporter-output>
  <suite name="Default suite" duration-ms="25191" started-at="2024-11-14T17:29:04Z" finished-at="2024-11-14T17:29:29Z">
    <groups>
    </groups>
    <test name="Default test" duration-ms="25191" started-at="2024-11-14T17:29:04Z" finished-at="2024-11-14T17:29:29Z">
      <class name="nykaaTest.NykaLoginTest">
        <test-method status="PASS" signature="setUp()[pri:0, instance:nykaaTest.NykaLoginTest@617faa95]" name="setUp" is-config="true" duration-ms="24449" started-at="2024-11-14T17:29:04Z" finished-at="2024-11-14T17:29:28Z">
          <reporter-output>
          </reporter-output>
        </test-method> <!-- setUp -->
        <test-method status="PASS" signature="loginWithValidCredentials()[pri:0, instance:nykaaTest.NykaLoginTest@617faa95]" name="loginWithValidCredentials" duration-ms="727" started-at="2024-11-14T17:29:28Z" finished-at="2024-11-14T17:29:29Z">
          <reporter-output>
          </reporter-output>
        </test-method> <!-- loginWithValidCredentials -->
      </class> <!-- nykaaTest.NykaLoginTest -->
    </test> <!-- Default test -->
  </suite> <!-- Default suite -->
</testng-results>
